01:48:33.449 [main] INFO  cz.tul.DemoApplication - Starting DemoApplication on Zenbook with PID 16116 (C:\Users\zdars\Documents\GitHub\pjp-app\target\classes started by zdars in C:\Users\zdars\Documents\GitHub\pjp-app)
01:48:33.453 [main] INFO  cz.tul.DemoApplication - The following profiles are active: prod_mysql
01:48:38.117 [main] INFO  cz.tul.DemoApplication - Started DemoApplication in 5.079 seconds (JVM running for 5.44)
01:48:43.326 [http-nio-8080-exec-1] INFO  cz.tul.DemoApplication - stored picture (d68c18f4-25f6-44ab-ade3-43f1ce6b348a)
01:48:43.327 [http-nio-8080-exec-1] INFO  cz.tul.DemoApplication - stored picture (a1617094-28a7-4666-ad73-27de9c3274f6)
01:48:43.327 [http-nio-8080-exec-1] INFO  cz.tul.DemoApplication - Redirect to picture (a1617094-28a7-4666-ad73-27de9c3274f6)
01:48:43.329 [http-nio-8080-exec-2] INFO  cz.tul.DemoApplication - stored picture (fe756e93-1b40-469e-b75c-6abecbf4d0f2)
01:48:43.329 [http-nio-8080-exec-2] INFO  cz.tul.DemoApplication - stored picture (eee61d0d-77bd-4fd0-9505-e62520d9e3b5)
01:48:43.329 [http-nio-8080-exec-2] INFO  cz.tul.DemoApplication - Redirect to picture (eee61d0d-77bd-4fd0-9505-e62520d9e3b5)
01:48:43.389 [http-nio-8080-exec-4] INFO  cz.tul.DemoApplication - Showing picture (eee61d0d-77bd-4fd0-9505-e62520d9e3b5)
01:48:55.791 [http-nio-8080-exec-5] INFO  cz.tul.DemoApplication - Like picture (eee61d0d-77bd-4fd0-9505-e62520d9e3b5)
01:49:00.481 [http-nio-8080-exec-6] INFO  cz.tul.DemoApplication - Like picture (eee61d0d-77bd-4fd0-9505-e62520d9e3b5)
01:49:10.853 [http-nio-8080-exec-9] INFO  cz.tul.DemoApplication - Like picture (eee61d0d-77bd-4fd0-9505-e62520d9e3b5)
01:49:13.078 [http-nio-8080-exec-1] INFO  cz.tul.DemoApplication - Like picture (eee61d0d-77bd-4fd0-9505-e62520d9e3b5)
01:49:17.273 [http-nio-8080-exec-5] INFO  cz.tul.DemoApplication - Dislike picture (eee61d0d-77bd-4fd0-9505-e62520d9e3b5)
01:49:18.185 [http-nio-8080-exec-6] INFO  cz.tul.DemoApplication - Dislike picture (eee61d0d-77bd-4fd0-9505-e62520d9e3b5)
01:49:18.369 [http-nio-8080-exec-8] INFO  cz.tul.DemoApplication - Dislike picture (eee61d0d-77bd-4fd0-9505-e62520d9e3b5)
01:49:18.519 [http-nio-8080-exec-9] INFO  cz.tul.DemoApplication - Dislike picture (eee61d0d-77bd-4fd0-9505-e62520d9e3b5)
01:49:18.664 [http-nio-8080-exec-10] INFO  cz.tul.DemoApplication - Dislike picture (eee61d0d-77bd-4fd0-9505-e62520d9e3b5)
01:49:19.392 [http-nio-8080-exec-1] INFO  cz.tul.DemoApplication - Dislike picture (eee61d0d-77bd-4fd0-9505-e62520d9e3b5)
01:49:19.781 [http-nio-8080-exec-4] INFO  cz.tul.DemoApplication - Dislike picture (eee61d0d-77bd-4fd0-9505-e62520d9e3b5)
01:49:20.063 [http-nio-8080-exec-7] INFO  cz.tul.DemoApplication - Dislike picture (eee61d0d-77bd-4fd0-9505-e62520d9e3b5)
01:49:20.273 [http-nio-8080-exec-9] INFO  cz.tul.DemoApplication - Dislike picture (eee61d0d-77bd-4fd0-9505-e62520d9e3b5)
01:49:20.404 [http-nio-8080-exec-2] INFO  cz.tul.DemoApplication - Dislike picture (eee61d0d-77bd-4fd0-9505-e62520d9e3b5)
